<?xml version="1.0" encoding="utf-8" standalone="no"?>
<!--This file represents the results of running a test suite-->
<test-results name="C:\Users\Nate\Desktop\ZRTS\ZRTS_2\ZRTS\ZRTS\ZRTS\bin\x86\Debug\ZRTS.exe" total="3" errors="0" failures="0" not-run="0" inconclusive="0" ignored="0" skipped="0" invalid="0" date="2011-02-18" time="19:42:50">
  <environment nunit-version="2.5.9.10348" clr-version="2.0.50727.4952" os-version="Microsoft Windows NT 6.1.7600.0" platform="Win32NT" cwd="C:\Program Files\NUnit 2.5.9\bin\net-2.0" machine-name="NATE-PC" user="Nate" user-domain="Nate-PC" />
  <culture-info current-culture="en-US" current-uiculture="en-US" />
  <test-suite type="Assembly" name="C:\Users\Nate\Desktop\ZRTS\ZRTS_2\ZRTS\ZRTS\ZRTS\bin\x86\Debug\ZRTS.exe" executed="True" result="Success" success="True" time="0.047" asserts="0">
    <results>
      <test-suite type="Namespace" name="ZRTS" executed="True" result="Success" success="True" time="0.047" asserts="0">
        <results>
          <test-suite type="Namespace" name="UnitTest" executed="True" result="Success" success="True" time="0.047" asserts="0">
            <results>
              <test-suite type="TestFixture" name="SpriteSheetTest" executed="True" result="Success" success="True" time="0.031" asserts="0">
                <results>
                  <test-case name="ZRTS.UnitTest.SpriteSheetTest.testCorrectFrames" executed="True" result="Success" success="True" time="0.016" asserts="800" />
                  <test-case name="ZRTS.UnitTest.SpriteSheetTest.testCreateStructureWithCorrectSize" executed="True" result="Success" success="True" time="0.000" asserts="2" />
                  <test-case name="ZRTS.UnitTest.SpriteSheetTest.testOneFrameInSprite" executed="True" result="Success" success="True" time="0.000" asserts="4" />
                </results>
              </test-suite>
            </results>
          </test-suite>
        </results>
      </test-suite>
    </results>
  </test-suite>
</test-results>